<?xml version="1.0" encoding="UTF-8"?>
<!-- Generated by org.testng.reporters.JUnitXMLReporter -->
<testsuite hostname="DESKTOP-TO6TFM1" ignored="4" name="Test Assignment" tests="4" failures="4" timestamp="2020-07-06T15:09:28 IST" time="29.502" errors="0">
  <testcase name="assertHomepage" time="0.026" classname="pages.HomePage">
    <failure type="java.lang.AssertionError" message="expected [Time tracking software for productive teams] but found [www.quidlo.com]">
      <![CDATA[java.lang.AssertionError: expected [Time tracking software for productive teams] but found [www.quidlo.com]
at pages.HomePage.assertHomepage(HomePage.java:15)
at java.util.ArrayList.forEach(Unknown Source)
... Removed 32 stack frames]]>
    </failure>
  </testcase> <!-- assertHomepage -->
  <testcase name="testSignupPage" time="20.379" classname="pages.SignupPage">
    <failure type="java.lang.NullPointerException">
      <![CDATA[java.lang.NullPointerException
at pages.SignupPage.testSignupPage(SignupPage.java:49)
at java.util.ArrayList.forEach(Unknown Source)
... Removed 27 stack frames]]>
    </failure>
  </testcase> <!-- testSignupPage -->
  <testcase name="activationEmailChecker" time="5.389" classname="pages.SignupPage">
    <failure type="java.lang.NullPointerException">
      <![CDATA[java.lang.NullPointerException
at pages.SignupPage.activationEmailChecker(SignupPage.java:80)
at java.util.ArrayList.forEach(Unknown Source)
... Removed 27 stack frames]]>
    </failure>
  </testcase> <!-- activationEmailChecker -->
  <testcase name="signinWithValidEmail" time="3.625" classname="pages.SigninPage">
    <failure type="java.lang.NullPointerException">
      <![CDATA[java.lang.NullPointerException
at pages.SigninPage.signinWithValidEmail(SigninPage.java:20)
at java.util.ArrayList.forEach(Unknown Source)
... Removed 27 stack frames]]>
    </failure>
  </testcase> <!-- signinWithValidEmail -->
  <testcase name="@AfterSuite tearDownDriver" time="0.0" classname="testsuite.BaseClass">
    <ignored/>
  </testcase> <!-- @AfterSuite tearDownDriver -->
  <testcase name="@AfterSuite tearDownDriver" time="0.0" classname="testsuite.BaseClass">
    <ignored/>
  </testcase> <!-- @AfterSuite tearDownDriver -->
  <testcase name="@BeforeSuite configDriver" time="0.0" classname="testsuite.BaseClass">
    <ignored/>
  </testcase> <!-- @BeforeSuite configDriver -->
  <testcase name="@BeforeSuite configDriver" time="0.0" classname="testsuite.BaseClass">
    <ignored/>
  </testcase> <!-- @BeforeSuite configDriver -->
</testsuite> <!-- Test Assignment -->
