<?xml version="1.0" encoding="UTF-8"?>
<!-- Generated by org.testng.reporters.JUnitXMLReporter -->
<testsuite hostname="DESKTOP-TO6TFM1" ignored="3" name="Test" tests="2" failures="1" timestamp="2020-07-05T21:33:02 IST" time="2.38" errors="0">
  <testcase name="assertHomepage" time="0.019" classname="pages.HomePage"/>
  <testcase name="testSignupPage" time="0.004" classname="pages.SignupPage">
    <failure type="java.lang.NullPointerException">
      <![CDATA[java.lang.NullPointerException
at java.util.Objects.requireNonNull(Unknown Source)
at org.openqa.selenium.support.ui.FluentWait.<init>(FluentWait.java:106)
at org.openqa.selenium.support.ui.WebDriverWait.<init>(WebDriverWait.java:85)
at org.openqa.selenium.support.ui.WebDriverWait.<init>(WebDriverWait.java:45)
at pages.SignupPage.testSignupPage(SignupPage.java:14)
at java.util.ArrayList.forEach(Unknown Source)
... Removed 27 stack frames]]>
    </failure>
  </testcase> <!-- testSignupPage -->
  <testcase name="@BeforeTest launchHomepage" time="0.0" classname="testsuite.BaseClass">
    <ignored/>
  </testcase> <!-- @BeforeTest launchHomepage -->
  <testcase name="@AfterSuite tearDownDriver" time="0.0" classname="testsuite.BaseClass">
    <ignored/>
  </testcase> <!-- @AfterSuite tearDownDriver -->
  <testcase name="@BeforeSuite setupDriver" time="0.0" classname="testsuite.BaseClass">
    <ignored/>
  </testcase> <!-- @BeforeSuite setupDriver -->
</testsuite> <!-- Test -->
