<?xml version="1.0" encoding="UTF-8"?>
<testng-results skipped="0" failed="0" ignored="0" total="1" passed="1">
  <reporter-output>
  </reporter-output>
  <suite name="Default suite" duration-ms="133" started-at="2020-07-09T00:57:50 IST" finished-at="2020-07-09T00:57:50 IST">
    <groups>
    </groups>
    <test name="Default test" duration-ms="133" started-at="2020-07-09T00:57:50 IST" finished-at="2020-07-09T00:57:50 IST">
      <class name="pages.HomePage">
        <test-method status="PASS" signature="configDriver()[pri:0, instance:pages.HomePage@3d99d22e]" name="configDriver" is-config="true" duration-ms="9438" started-at="2020-07-09T00:57:40 IST" finished-at="2020-07-09T00:57:50 IST">
          <reporter-output>
          </reporter-output>
        </test-method> <!-- configDriver -->
        <test-method status="PASS" signature="assertHomepage()[pri:1, instance:pages.HomePage@3d99d22e]" name="assertHomepage" duration-ms="23" started-at="2020-07-09T00:57:50 IST" description="Homepage Test" finished-at="2020-07-09T00:57:50 IST">
          <reporter-output>
          </reporter-output>
        </test-method> <!-- assertHomepage -->
        <test-method status="PASS" signature="tearDownDriver()[pri:0, instance:pages.HomePage@3d99d22e]" name="tearDownDriver" is-config="true" duration-ms="1160" started-at="2020-07-09T00:57:50 IST" finished-at="2020-07-09T00:57:51 IST">
          <reporter-output>
          </reporter-output>
        </test-method> <!-- tearDownDriver -->
      </class> <!-- pages.HomePage -->
    </test> <!-- Default test -->
  </suite> <!-- Default suite -->
</testng-results>
